<?xml version="1.0" encoding="UTF-8"?>
<!-- Generated by org.testng.reporters.JUnitReportReporter -->
<testsuite skipped="0" hostname="Admin-pc" name="com.hcl.dbtest.naukri3" tests="1" failures="0" timestamp="08 Jul 2018 10:17:01 GMT" time="5.540" errors="0">
  <testcase name="Testcase1" time="5.540" classname="com.hcl.dbtest.naukri3"/>
</testsuite> <!-- com.hcl.dbtest.naukri3 -->
