<?xml version="1.0" encoding="UTF-8"?>
<!-- Generated by org.testng.reporters.JUnitReportReporter -->
<testsuite skipped="0" hostname="Admin-pc" name="com.hcl.dbtest.ExcelRead" tests="1" failures="0" timestamp="08 Jul 2018 10:42:25 GMT" time="0.119" errors="0">
  <testcase name="excelread" time="0.119" classname="com.hcl.dbtest.ExcelRead"/>
</testsuite> <!-- com.hcl.dbtest.ExcelRead -->
